<?xml version="1.0" encoding="UTF-8"?>
<!-- Generated by org.testng.reporters.JUnitXMLReporter -->
<testsuite hostname="LNDA0065" ignored="0" name="Default test" tests="13" failures="0" timestamp="23 Jul 2019 09:58:03 GMT" time="116.659" errors="0">
  <testcase name="email" time="0.149" classname="canvas.CanvasTest"/>
  <testcase name="passWord" time="4.105" classname="canvas.CanvasTest"/>
  <testcase name="admin" time="2.209" classname="canvas.CanvasTest"/>
  <testcase name="mcmillan" time="2.182" classname="canvas.CanvasTest"/>
  <testcase name="course" time="0.368" classname="canvas.CanvasTest"/>
  <testcase name="newCourse" time="2.028" classname="canvas.CanvasTest"/>
  <testcase name="macmilan" time="2.413" classname="canvas.CanvasTest"/>
  <testcase name="addCourse" time="5.073" classname="canvas.CanvasTest"/>
  <testcase name="addPeople" time="5.744" classname="canvas.CanvasTest"/>
  <testcase name="add1" time="8.359" classname="canvas.CanvasTest"/>
  <testcase name="searchCourse" time="23.711" classname="canvas.CanvasTest"/>
  <testcase name="publish" time="7.328" classname="canvas.CanvasTest"/>
  <testcase name="people" time="34.024" classname="canvas.CanvasTest"/>
</testsuite> <!-- Default test -->
