<?xml version="1.0" encoding="UTF-8"?>
<testng-results skipped="0" failed="2" ignored="0" total="11" passed="9">
  <reporter-output>
  </reporter-output>
  <suite name="Default suite" duration-ms="46472" started-at="2019-07-18T11:34:22Z" finished-at="2019-07-18T11:35:09Z">
    <groups>
    </groups>
    <test name="Default test" duration-ms="46472" started-at="2019-07-18T11:34:22Z" finished-at="2019-07-18T11:35:09Z">
      <class name="canvas.CanvasTest">
        <test-method status="PASS" signature="launch()[pri:0, instance:canvas.CanvasTest@2b98378d]" name="launch" is-config="true" duration-ms="11707" started-at="2019-07-18T17:04:22Z" finished-at="2019-07-18T17:04:34Z">
          <reporter-output>
          </reporter-output>
        </test-method> <!-- launch -->
        <test-method status="PASS" signature="email()[pri:1, instance:canvas.CanvasTest@2b98378d]" name="email" duration-ms="215" started-at="2019-07-18T17:04:34Z" finished-at="2019-07-18T17:04:34Z">
          <reporter-output>
          </reporter-output>
        </test-method> <!-- email -->
        <test-method status="PASS" signature="passWord()[pri:2, instance:canvas.CanvasTest@2b98378d]" name="passWord" duration-ms="3798" started-at="2019-07-18T17:04:34Z" finished-at="2019-07-18T17:04:38Z">
          <reporter-output>
          </reporter-output>
        </test-method> <!-- passWord -->
        <test-method status="PASS" signature="admin()[pri:3, instance:canvas.CanvasTest@2b98378d]" name="admin" duration-ms="130" started-at="2019-07-18T17:04:38Z" finished-at="2019-07-18T17:04:38Z">
          <reporter-output>
          </reporter-output>
        </test-method> <!-- admin -->
        <test-method status="PASS" signature="mcmillan()[pri:4, instance:canvas.CanvasTest@2b98378d]" name="mcmillan" duration-ms="4047" started-at="2019-07-18T17:04:38Z" finished-at="2019-07-18T17:04:42Z">
          <reporter-output>
          </reporter-output>
        </test-method> <!-- mcmillan -->
        <test-method status="PASS" signature="course()[pri:5, instance:canvas.CanvasTest@2b98378d]" name="course" duration-ms="248" started-at="2019-07-18T17:04:42Z" finished-at="2019-07-18T17:04:43Z">
          <reporter-output>
          </reporter-output>
        </test-method> <!-- course -->
        <test-method status="PASS" signature="newCourse()[pri:6, instance:canvas.CanvasTest@2b98378d]" name="newCourse" duration-ms="1743" started-at="2019-07-18T17:04:43Z" finished-at="2019-07-18T17:04:44Z">
          <reporter-output>
          </reporter-output>
        </test-method> <!-- newCourse -->
        <test-method status="PASS" signature="macmilan()[pri:7, instance:canvas.CanvasTest@2b98378d]" name="macmilan" duration-ms="595" started-at="2019-07-18T17:04:44Z" finished-at="2019-07-18T17:04:45Z">
          <reporter-output>
          </reporter-output>
        </test-method> <!-- macmilan -->
        <test-method status="PASS" signature="addCourse()[pri:8, instance:canvas.CanvasTest@2b98378d]" name="addCourse" duration-ms="5112" started-at="2019-07-18T17:04:45Z" finished-at="2019-07-18T17:04:50Z">
          <reporter-output>
          </reporter-output>
        </test-method> <!-- addCourse -->
        <test-method status="PASS" signature="searchCourse()[pri:9, instance:canvas.CanvasTest@2b98378d]" name="searchCourse" duration-ms="11169" started-at="2019-07-18T17:04:50Z" finished-at="2019-07-18T17:05:01Z">
          <reporter-output>
          </reporter-output>
        </test-method> <!-- searchCourse -->
        <test-method status="FAIL" signature="publish()[pri:10, instance:canvas.CanvasTest@2b98378d]" name="publish" duration-ms="7352" started-at="2019-07-18T17:05:01Z" finished-at="2019-07-18T17:05:09Z">
          <exception class="org.openqa.selenium.NoSuchElementException">
            <message>
              <![CDATA[Cannot locate an element using xpath=//button[@class="ui-button btn-publish"]For documentation on this error, please visit: http://seleniumhq.org/exceptions/no_such_element.htmlBuild info: version: '3.141.5', revision: 'd54ebd709a', time: '2018-11-06T11:42:16'System info: host: 'LNDA0065', ip: '10.0.9.179', os.name: 'Windows 7', os.arch: 'amd64', os.version: '6.1', java.version: '1.8.0_151'Driver info: driver.version: RemoteWebDriver]]>
            </message>
            <full-stacktrace>
              <![CDATA[org.openqa.selenium.NoSuchElementException: Cannot locate an element using xpath=//button[@class="ui-button btn-publish"]For documentation on this error, please visit: http://seleniumhq.org/exceptions/no_such_element.htmlBuild info: version: '3.141.5', revision: 'd54ebd709a', time: '2018-11-06T11:42:16'System info: host: 'LNDA0065', ip: '10.0.9.179', os.name: 'Windows 7', os.arch: 'amd64', os.version: '6.1', java.version: '1.8.0_151'Driver info: driver.version: RemoteWebDriverat org.openqa.selenium.remote.RemoteWebDriver.findElement(RemoteWebDriver.java:327)at org.openqa.selenium.remote.RemoteWebDriver.findElementByXPath(RemoteWebDriver.java:428)at org.openqa.selenium.By$ByXPath.findElement(By.java:353)at org.openqa.selenium.remote.RemoteWebDriver.findElement(RemoteWebDriver.java:315)at util.ReadFilee.getElement(ReadFilee.java:55)at keyWords.PublishActions.publishCourse(PublishActions.java:14)at canvas.CanvasTest.publish(CanvasTest.java:97)at sun.reflect.NativeMethodAccessorImpl.invoke0(Native Method)at sun.reflect.NativeMethodAccessorImpl.invoke(Unknown Source)at sun.reflect.DelegatingMethodAccessorImpl.invoke(Unknown Source)at java.lang.reflect.Method.invoke(Unknown Source)at org.testng.internal.MethodInvocationHelper.invokeMethod(MethodInvocationHelper.java:124)at org.testng.internal.Invoker.invokeMethod(Invoker.java:571)at org.testng.internal.Invoker.invokeTestMethod(Invoker.java:707)at org.testng.internal.Invoker.invokeTestMethods(Invoker.java:979)at org.testng.internal.TestMethodWorker.invokeTestMethods(TestMethodWorker.java:125)at org.testng.internal.TestMethodWorker.run(TestMethodWorker.java:109)at org.testng.TestRunner.privateRun(TestRunner.java:648)at org.testng.TestRunner.run(TestRunner.java:505)at org.testng.SuiteRunner.runTest(SuiteRunner.java:455)at org.testng.SuiteRunner.runSequentially(SuiteRunner.java:450)at org.testng.SuiteRunner.privateRun(SuiteRunner.java:415)at org.testng.SuiteRunner.run(SuiteRunner.java:364)at org.testng.SuiteRunnerWorker.runSuite(SuiteRunnerWorker.java:52)at org.testng.SuiteRunnerWorker.run(SuiteRunnerWorker.java:84)at org.testng.TestNG.runSuitesSequentially(TestNG.java:1187)at org.testng.TestNG.runSuitesLocally(TestNG.java:1116)at org.testng.TestNG.runSuites(TestNG.java:1028)at org.testng.TestNG.run(TestNG.java:996)at org.testng.remote.AbstractRemoteTestNG.run(AbstractRemoteTestNG.java:115)at org.testng.remote.RemoteTestNG.initAndRun(RemoteTestNG.java:251)at org.testng.remote.RemoteTestNG.main(RemoteTestNG.java:77)]]>
            </full-stacktrace>
          </exception> <!-- org.openqa.selenium.NoSuchElementException -->
          <reporter-output>
          </reporter-output>
        </test-method> <!-- publish -->
        <test-method status="FAIL" signature="people()[pri:11, instance:canvas.CanvasTest@2b98378d]" name="people" duration-ms="201" started-at="2019-07-18T17:05:09Z" finished-at="2019-07-18T17:05:09Z">
          <exception class="org.openqa.selenium.NoSuchWindowException">
            <message>
              <![CDATA[no such window: target window already closedfrom unknown error: web view not found  (Session info: chrome=75.0.3770.142)Build info: version: '3.141.5', revision: 'd54ebd709a', time: '2018-11-06T11:42:16'System info: host: 'LNDA0065', ip: '10.0.9.179', os.name: 'Windows 7', os.arch: 'amd64', os.version: '6.1', java.version: '1.8.0_151'Driver info: org.openqa.selenium.chrome.ChromeDriverCapabilities {acceptInsecureCerts: false, browserName: chrome, browserVersion: 75.0.3770.142, chrome: {chromedriverVersion: 75.0.3770.90 (a6dcaf7e3ec6f..., userDataDir: C:\Users\RAMBHU~1\AppData\L...}, goog:chromeOptions: {debuggerAddress: localhost:65159}, javascriptEnabled: true, networkConnectionEnabled: false, pageLoadStrategy: normal, platform: XP, platformName: XP, proxy: Proxy(), setWindowRect: true, strictFileInteractability: false, timeouts: {implicit: 0, pageLoad: 300000, script: 30000}, unhandledPromptBehavior: dismiss and notify}Session ID: f8cc5e253ce8254ea71c4041efeea0d7*** Element info: {Using=xpath, value=//a[@class="people"]}]]>
            </message>
            <full-stacktrace>
              <![CDATA[org.openqa.selenium.NoSuchWindowException: no such window: target window already closedfrom unknown error: web view not found  (Session info: chrome=75.0.3770.142)Build info: version: '3.141.5', revision: 'd54ebd709a', time: '2018-11-06T11:42:16'System info: host: 'LNDA0065', ip: '10.0.9.179', os.name: 'Windows 7', os.arch: 'amd64', os.version: '6.1', java.version: '1.8.0_151'Driver info: org.openqa.selenium.chrome.ChromeDriverCapabilities {acceptInsecureCerts: false, browserName: chrome, browserVersion: 75.0.3770.142, chrome: {chromedriverVersion: 75.0.3770.90 (a6dcaf7e3ec6f..., userDataDir: C:\Users\RAMBHU~1\AppData\L...}, goog:chromeOptions: {debuggerAddress: localhost:65159}, javascriptEnabled: true, networkConnectionEnabled: false, pageLoadStrategy: normal, platform: XP, platformName: XP, proxy: Proxy(), setWindowRect: true, strictFileInteractability: false, timeouts: {implicit: 0, pageLoad: 300000, script: 30000}, unhandledPromptBehavior: dismiss and notify}Session ID: f8cc5e253ce8254ea71c4041efeea0d7*** Element info: {Using=xpath, value=//a[@class="people"]}at sun.reflect.NativeConstructorAccessorImpl.newInstance0(Native Method)at sun.reflect.NativeConstructorAccessorImpl.newInstance(Unknown Source)at sun.reflect.DelegatingConstructorAccessorImpl.newInstance(Unknown Source)at java.lang.reflect.Constructor.newInstance(Unknown Source)at org.openqa.selenium.remote.http.W3CHttpResponseCodec.createException(W3CHttpResponseCodec.java:187)at org.openqa.selenium.remote.http.W3CHttpResponseCodec.decode(W3CHttpResponseCodec.java:122)at org.openqa.selenium.remote.http.W3CHttpResponseCodec.decode(W3CHttpResponseCodec.java:49)at org.openqa.selenium.remote.HttpCommandExecutor.execute(HttpCommandExecutor.java:158)at org.openqa.selenium.remote.service.DriverCommandExecutor.execute(DriverCommandExecutor.java:83)at org.openqa.selenium.remote.RemoteWebDriver.execute(RemoteWebDriver.java:552)at org.openqa.selenium.remote.RemoteWebDriver.findElement(RemoteWebDriver.java:323)at org.openqa.selenium.remote.RemoteWebDriver.findElementByXPath(RemoteWebDriver.java:428)at org.openqa.selenium.By$ByXPath.findElement(By.java:353)at org.openqa.selenium.remote.RemoteWebDriver.findElement(RemoteWebDriver.java:315)at util.ReadFilee.getElement(ReadFilee.java:55)at keyWords.PeopleActions.clickOnPeople(PeopleActions.java:14)at canvas.CanvasTest.people(CanvasTest.java:101)at sun.reflect.NativeMethodAccessorImpl.invoke0(Native Method)at sun.reflect.NativeMethodAccessorImpl.invoke(Unknown Source)at sun.reflect.DelegatingMethodAccessorImpl.invoke(Unknown Source)at java.lang.reflect.Method.invoke(Unknown Source)at org.testng.internal.MethodInvocationHelper.invokeMethod(MethodInvocationHelper.java:124)at org.testng.internal.Invoker.invokeMethod(Invoker.java:571)at org.testng.internal.Invoker.invokeTestMethod(Invoker.java:707)at org.testng.internal.Invoker.invokeTestMethods(Invoker.java:979)at org.testng.internal.TestMethodWorker.invokeTestMethods(TestMethodWorker.java:125)at org.testng.internal.TestMethodWorker.run(TestMethodWorker.java:109)at org.testng.TestRunner.privateRun(TestRunner.java:648)at org.testng.TestRunner.run(TestRunner.java:505)at org.testng.SuiteRunner.runTest(SuiteRunner.java:455)at org.testng.SuiteRunner.runSequentially(SuiteRunner.java:450)at org.testng.SuiteRunner.privateRun(SuiteRunner.java:415)at org.testng.SuiteRunner.run(SuiteRunner.java:364)at org.testng.SuiteRunnerWorker.runSuite(SuiteRunnerWorker.java:52)at org.testng.SuiteRunnerWorker.run(SuiteRunnerWorker.java:84)at org.testng.TestNG.runSuitesSequentially(TestNG.java:1187)at org.testng.TestNG.runSuitesLocally(TestNG.java:1116)at org.testng.TestNG.runSuites(TestNG.java:1028)at org.testng.TestNG.run(TestNG.java:996)at org.testng.remote.AbstractRemoteTestNG.run(AbstractRemoteTestNG.java:115)at org.testng.remote.RemoteTestNG.initAndRun(RemoteTestNG.java:251)at org.testng.remote.RemoteTestNG.main(RemoteTestNG.java:77)]]>
            </full-stacktrace>
          </exception> <!-- org.openqa.selenium.NoSuchWindowException -->
          <reporter-output>
          </reporter-output>
        </test-method> <!-- people -->
      </class> <!-- canvas.CanvasTest -->
    </test> <!-- Default test -->
  </suite> <!-- Default suite -->
</testng-results>
